
**** Build of configuration Debug for project 3_solution ****

/home/rokas/ti/ccs1110/ccs/utils/bin/gmake -k -j 8 all -O 
 
Building file: "../sem.c"
Invoking: Arm Compiler
"/home/rokas/ti/ccs1110/ccs/tools/compiler/ti-cgt-arm_20.2.5.LTS/bin/armcl" -mv7M4 --code_state=16 --float_support=FPv4SPD16 -me --include_path="/home/rokas/Desktop/Embedded programming/3_solution" --include_path="/home/rokas/ti/ccs1110/ccs/tools/compiler/ti-cgt-arm_20.2.5.LTS/include" --define=ccs="ccs" --define=PART_TM4C123GH6PM -g --gcc --diag_warning=225 --diag_wrap=off --display_error_number --abi=eabi --preproc_with_compile --preproc_dependency="sem.d_raw"  "../sem.c"
"../main.c", line 60: warning #112-D: statement is unreachable
"../gpio.c", line 40: warning #552-D: variable "dummy" was set but never used
Finished building: "../sem.c"
 
Building file: "../messages.c"
Invoking: Arm Compiler
"/home/rokas/ti/ccs1110/ccs/tools/compiler/ti-cgt-arm_20.2.5.LTS/bin/armcl" -mv7M4 --code_state=16 --float_support=FPv4SPD16 -me --include_path="/home/rokas/Desktop/Embedded programming/3_solution" --include_path="/home/rokas/ti/ccs1110/ccs/tools/compiler/ti-cgt-arm_20.2.5.LTS/include" --define=ccs="ccs" --define=PART_TM4C123GH6PM -g --gcc --diag_warning=225 --diag_wrap=off --display_error_number --abi=eabi --preproc_with_compile --preproc_dependency="messages.d_raw"  "../messages.c"
Finished building: "../messages.c"
 
Building file: "../main.c"
Invoking: Arm Compiler
"/home/rokas/ti/ccs1110/ccs/tools/compiler/ti-cgt-arm_20.2.5.LTS/bin/armcl" -mv7M4 --code_state=16 --float_support=FPv4SPD16 -me --include_path="/home/rokas/Desktop/Embedded programming/3_solution" --include_path="/home/rokas/ti/ccs1110/ccs/tools/compiler/ti-cgt-arm_20.2.5.LTS/include" --define=ccs="ccs" --define=PART_TM4C123GH6PM -g --gcc --diag_warning=225 --diag_wrap=off --display_error_number --abi=eabi --preproc_with_compile --preproc_dependency="main.d_raw"  "../main.c"
Finished building: "../main.c"
 
Building file: "../gpio.c"
Invoking: Arm Compiler
"/home/rokas/ti/ccs1110/ccs/tools/compiler/ti-cgt-arm_20.2.5.LTS/bin/armcl" -mv7M4 --code_state=16 --float_support=FPv4SPD16 -me --include_path="/home/rokas/Desktop/Embedded programming/3_solution" --include_path="/home/rokas/ti/ccs1110/ccs/tools/compiler/ti-cgt-arm_20.2.5.LTS/include" --define=ccs="ccs" --define=PART_TM4C123GH6PM -g --gcc --diag_warning=225 --diag_wrap=off --display_error_number --abi=eabi --preproc_with_compile --preproc_dependency="gpio.d_raw"  "../gpio.c"
Finished building: "../gpio.c"
 
Building file: "../queue.c"
Invoking: Arm Compiler
"/home/rokas/ti/ccs1110/ccs/tools/compiler/ti-cgt-arm_20.2.5.LTS/bin/armcl" -mv7M4 --code_state=16 --float_support=FPv4SPD16 -me --include_path="/home/rokas/Desktop/Embedded programming/3_solution" --include_path="/home/rokas/ti/ccs1110/ccs/tools/compiler/ti-cgt-arm_20.2.5.LTS/include" --define=ccs="ccs" --define=PART_TM4C123GH6PM -g --gcc --diag_warning=225 --diag_wrap=off --display_error_number --abi=eabi --preproc_with_compile --preproc_dependency="queue.d_raw"  "../queue.c"
Finished building: "../queue.c"
 
Building file: "../button.c"
Invoking: Arm Compiler
"/home/rokas/ti/ccs1110/ccs/tools/compiler/ti-cgt-arm_20.2.5.LTS/bin/armcl" -mv7M4 --code_state=16 --float_support=FPv4SPD16 -me --include_path="/home/rokas/Desktop/Embedded programming/3_solution" --include_path="/home/rokas/ti/ccs1110/ccs/tools/compiler/ti-cgt-arm_20.2.5.LTS/include" --define=ccs="ccs" --define=PART_TM4C123GH6PM -g --gcc --diag_warning=225 --diag_wrap=off --display_error_number --abi=eabi --preproc_with_compile --preproc_dependency="button.d_raw"  "../button.c"
Finished building: "../button.c"
 
Building file: "../swtimers.c"
Invoking: Arm Compiler
"/home/rokas/ti/ccs1110/ccs/tools/compiler/ti-cgt-arm_20.2.5.LTS/bin/armcl" -mv7M4 --code_state=16 --float_support=FPv4SPD16 -me --include_path="/home/rokas/Desktop/Embedded programming/3_solution" --include_path="/home/rokas/ti/ccs1110/ccs/tools/compiler/ti-cgt-arm_20.2.5.LTS/include" --define=ccs="ccs" --define=PART_TM4C123GH6PM -g --gcc --diag_warning=225 --diag_wrap=off --display_error_number --abi=eabi --preproc_with_compile --preproc_dependency="swtimers.d_raw"  "../swtimers.c"
Finished building: "../swtimers.c"
 
Building file: "../tm4c123gh6pm_startup_ccs.c"
Invoking: Arm Compiler
"/home/rokas/ti/ccs1110/ccs/tools/compiler/ti-cgt-arm_20.2.5.LTS/bin/armcl" -mv7M4 --code_state=16 --float_support=FPv4SPD16 -me --include_path="/home/rokas/Desktop/Embedded programming/3_solution" --include_path="/home/rokas/ti/ccs1110/ccs/tools/compiler/ti-cgt-arm_20.2.5.LTS/include" --define=ccs="ccs" --define=PART_TM4C123GH6PM -g --gcc --diag_warning=225 --diag_wrap=off --display_error_number --abi=eabi --preproc_with_compile --preproc_dependency="tm4c123gh6pm_startup_ccs.d_raw"  "../tm4c123gh6pm_startup_ccs.c"
Finished building: "../tm4c123gh6pm_startup_ccs.c"
 
Building file: "../systick.c"
Invoking: Arm Compiler
"/home/rokas/ti/ccs1110/ccs/tools/compiler/ti-cgt-arm_20.2.5.LTS/bin/armcl" -mv7M4 --code_state=16 --float_support=FPv4SPD16 -me --include_path="/home/rokas/Desktop/Embedded programming/3_solution" --include_path="/home/rokas/ti/ccs1110/ccs/tools/compiler/ti-cgt-arm_20.2.5.LTS/include" --define=ccs="ccs" --define=PART_TM4C123GH6PM -g --gcc --diag_warning=225 --diag_wrap=off --display_error_number --abi=eabi --preproc_with_compile --preproc_dependency="systick.d_raw"  "../systick.c"
"../systick.c", line 43: warning #69-D: integer conversion resulted in a change of sign
Finished building: "../systick.c"
 
Building file: "../rtc.c"
Invoking: Arm Compiler
"/home/rokas/ti/ccs1110/ccs/tools/compiler/ti-cgt-arm_20.2.5.LTS/bin/armcl" -mv7M4 --code_state=16 --float_support=FPv4SPD16 -me --include_path="/home/rokas/Desktop/Embedded programming/3_solution" --include_path="/home/rokas/ti/ccs1110/ccs/tools/compiler/ti-cgt-arm_20.2.5.LTS/include" --define=ccs="ccs" --define=PART_TM4C123GH6PM -g --gcc --diag_warning=225 --diag_wrap=off --display_error_number --abi=eabi --preproc_with_compile --preproc_dependency="rtc.d_raw"  "../rtc.c"
"../rtc.c", line 129: warning #179-D: variable "sec" was declared but never referenced
"../rtc.c", line 131: warning #179-D: variable "hour" was declared but never referenced
Finished building: "../rtc.c"
 
Building file: "../lcd.c"
Invoking: Arm Compiler
"/home/rokas/ti/ccs1110/ccs/tools/compiler/ti-cgt-arm_20.2.5.LTS/bin/armcl" -mv7M4 --code_state=16 --float_support=FPv4SPD16 -me --include_path="/home/rokas/Desktop/Embedded programming/3_solution" --include_path="/home/rokas/ti/ccs1110/ccs/tools/compiler/ti-cgt-arm_20.2.5.LTS/include" --define=ccs="ccs" --define=PART_TM4C123GH6PM -g --gcc --diag_warning=225 --diag_wrap=off --display_error_number --abi=eabi --preproc_with_compile --preproc_dependency="lcd.d_raw"  "../lcd.c"
Finished building: "../lcd.c"
 
Building target: "3_solution.out"
Invoking: Arm Linker
"/home/rokas/ti/ccs1110/ccs/tools/compiler/ti-cgt-arm_20.2.5.LTS/bin/armcl" -mv7M4 --code_state=16 --float_support=FPv4SPD16 -me --define=ccs="ccs" --define=PART_TM4C123GH6PM -g --gcc --diag_warning=225 --diag_wrap=off --display_error_number --abi=eabi -z -m"3_solution.map" --heap_size=0 --stack_size=512 -i"/home/rokas/ti/ccs1110/ccs/tools/compiler/ti-cgt-arm_20.2.5.LTS/lib" -i"/home/rokas/ti/ccs1110/ccs/tools/compiler/ti-cgt-arm_20.2.5.LTS/include" --reread_libs --diag_wrap=off --display_error_number --warn_sections --xml_link_info="3_solution_linkInfo.xml" --rom_model -o "3_solution.out" "./button.obj" "./gpio.obj" "./lcd.obj" "./main.obj" "./messages.obj" "./queue.obj" "./rtc.obj" "./sem.obj" "./swtimers.obj" "./systick.obj" "./tm4c123gh6pm_startup_ccs.obj" "../tm4c123gh6pm.cmd"  -llibc.a 
<Linking>
Finished building target: "3_solution.out"
 

**** Build Finished ****
